<?xml version="1.0" encoding="UTF-8"?>
<!-- Generated by org.testng.reporters.JUnitXMLReporter -->
<testsuite hostname="LAPTOP-8CCMCL84" name="Command line test" tests="9" failures="0" timestamp="19 Jul 2022 04:29:16 GMT" time="0.064" errors="0">
  <testcase name="parctice1" time="0.025" classname="org.mavenexample.practice.parctice1Test"/>
  <testcase name="parctice2" time="0.002" classname="org.mavenexample.practice.parctice1Test"/>
  <testcase name="parctice3" time="0.008" classname="org.mavenexample.practice.parctice1Test"/>
  <testcase name="parctice1" time="0.0" classname="org.mavenexample.practice.parctice2Test"/>
  <testcase name="parctice2" time="0.001" classname="org.mavenexample.practice.parctice2Test"/>
  <testcase name="parctice3" time="0.001" classname="org.mavenexample.practice.parctice2Test"/>
  <testcase name="parctice1" time="0.001" classname="org.mavenexample.practice.parctice3Test"/>
  <testcase name="parctice2" time="0.0" classname="org.mavenexample.practice.parctice3Test"/>
  <testcase name="parctice3" time="0.0" classname="org.mavenexample.practice.parctice3Test"/>
</testsuite> <!-- Command line test -->
