<?xml version="1.0" encoding="UTF-8"?>
<testng-results skipped="0" failed="0" total="6" passed="6">
  <reporter-output>
  </reporter-output>
  <suite name="Suite1" duration-ms="83" started-at="2022-07-19T04:33:12Z" finished-at="2022-07-19T04:33:12Z">
    <groups>
    </groups>
    <test name="Test" duration-ms="83" started-at="2022-07-19T04:33:12Z" finished-at="2022-07-19T04:33:12Z">
      <class name="org.mavenexample.practice.parctice2Test">
        <test-method status="PASS" signature="parctice1()[pri:0, instance:org.mavenexample.practice.parctice2Test@14d3bc22]" name="parctice1" duration-ms="0" started-at="2022-07-19T10:03:12Z" finished-at="2022-07-19T10:03:12Z">
          <reporter-output>
          </reporter-output>
        </test-method> <!-- parctice1 -->
        <test-method status="PASS" signature="parctice2()[pri:0, instance:org.mavenexample.practice.parctice2Test@14d3bc22]" name="parctice2" duration-ms="0" started-at="2022-07-19T10:03:12Z" finished-at="2022-07-19T10:03:12Z">
          <reporter-output>
          </reporter-output>
        </test-method> <!-- parctice2 -->
        <test-method status="PASS" signature="parctice3()[pri:0, instance:org.mavenexample.practice.parctice2Test@14d3bc22]" name="parctice3" duration-ms="2" started-at="2022-07-19T10:03:12Z" finished-at="2022-07-19T10:03:12Z">
          <reporter-output>
          </reporter-output>
        </test-method> <!-- parctice3 -->
      </class> <!-- org.mavenexample.practice.parctice2Test -->
      <class name="org.mavenexample.practice.parctice1Test">
        <test-method status="PASS" signature="parctice1()[pri:0, instance:org.mavenexample.practice.parctice1Test@3b07a0d6]" name="parctice1" duration-ms="46" started-at="2022-07-19T10:03:12Z" finished-at="2022-07-19T10:03:12Z">
          <reporter-output>
          </reporter-output>
        </test-method> <!-- parctice1 -->
        <test-method status="PASS" signature="parctice3()[pri:0, instance:org.mavenexample.practice.parctice1Test@3b07a0d6]" name="parctice3" duration-ms="7" started-at="2022-07-19T10:03:12Z" finished-at="2022-07-19T10:03:12Z">
          <reporter-output>
          </reporter-output>
        </test-method> <!-- parctice3 -->
        <test-method status="PASS" signature="parctice2()[pri:0, instance:org.mavenexample.practice.parctice1Test@3b07a0d6]" name="parctice2" duration-ms="0" started-at="2022-07-19T10:03:12Z" finished-at="2022-07-19T10:03:12Z">
          <reporter-output>
          </reporter-output>
        </test-method> <!-- parctice2 -->
      </class> <!-- org.mavenexample.practice.parctice1Test -->
    </test> <!-- Test -->
  </suite> <!-- Suite1 -->
</testng-results>
