<?xml version="1.0" encoding="UTF-8"?>
<!-- Generated by org.testng.reporters.JUnitXMLReporter -->
<testsuite hostname="LAPTOP-8CCMCL84" name="Test" tests="3" failures="0" timestamp="19 Jul 2022 04:32:22 GMT" time="0.032" errors="0">
  <testcase name="parctice1" time="0.0" classname="org.mavenexample.practice.parctice2Test"/>
  <testcase name="parctice2" time="0.0" classname="org.mavenexample.practice.parctice2Test"/>
  <testcase name="parctice3" time="0.0" classname="org.mavenexample.practice.parctice2Test"/>
</testsuite> <!-- Test -->
